Log start : 3/23/2016 5:59:56 PM
PlayerMobile:Loc(1394,1356,4):Felucca:Mob(Adam Ant)(0x00013237):Unnamed region[148]:Adam Ant:Looting: Non friend of house lifting item 0x4000011E from 0x40001360.
PlayerMobile:Loc(1395,1357,0):Felucca:Mob(Morgoth)(0x000032A5):Unnamed region[2]:lucanis:Possible accomplice.
PlayerMobile:Loc(1395,1359,0):Felucca:Mob(Lucan)(0x00000002):Unnamed region[2]:lucan:Possible accomplice.
Completed in 0.0005009 seconds, 3 entries logged
Log start : 3/23/2016 6:00:00 PM
PlayerMobile:Loc(1394,1356,4):Felucca:Mob(Adam Ant)(0x00013237):Unnamed region[148]:Adam Ant:Looting: Non friend of house lifting item 0x40000115 from 0x40001360.
PlayerMobile:Loc(1395,1357,0):Felucca:Mob(Morgoth)(0x000032A5):Unnamed region[2]:lucanis:Possible accomplice.
PlayerMobile:Loc(1395,1359,0):Felucca:Mob(Lucan)(0x00000002):Unnamed region[2]:lucan:Possible accomplice.
Completed in 0 seconds, 3 entries logged
Log start : 3/23/2016 6:00:52 PM
PlayerMobile:Loc(1394,1356,4):Felucca:Mob(Adam Ant)(0x00013237):Unnamed region[148]:Adam Ant:Looting: Non friend of house lifting item 0x4000580E from 0x40001360.
PlayerMobile:Loc(1396,1356,4):Felucca:Mob(Morgoth)(0x000032A5):Unnamed region[148]:lucanis:Possible accomplice.
PlayerMobile:Loc(1394,1357,0):Felucca:Mob(Lucan)(0x00000002):Unnamed region[2]:lucan:Possible accomplice.
Completed in 0 seconds, 3 entries logged
Log start : 3/23/2016 6:00:55 PM
PlayerMobile:Loc(1394,1356,4):Felucca:Mob(Adam Ant)(0x00013237):Unnamed region[148]:Adam Ant:Looting: Non friend of house lifting item 0x40001E2A from 0x40001360.
PlayerMobile:Loc(1396,1356,4):Felucca:Mob(Morgoth)(0x000032A5):Unnamed region[148]:lucanis:Possible accomplice.
PlayerMobile:Loc(1394,1357,0):Felucca:Mob(Lucan)(0x00000002):Unnamed region[2]:lucan:Possible accomplice.
Completed in 0 seconds, 3 entries logged
Log start : 3/23/2016 6:00:58 PM
PlayerMobile:Loc(1394,1356,4):Felucca:Mob(Adam Ant)(0x00013237):Unnamed region[148]:Adam Ant:Looting: Non friend of house lifting item 0x40000062 from 0x40001360.
PlayerMobile:Loc(1396,1356,4):Felucca:Mob(Morgoth)(0x000032A5):Unnamed region[148]:lucanis:Possible accomplice.
PlayerMobile:Loc(1394,1357,0):Felucca:Mob(Lucan)(0x00000002):Unnamed region[2]:lucan:Possible accomplice.
Completed in 0 seconds, 3 entries logged
Log start : 3/23/2016 6:01:01 PM
PlayerMobile:Loc(1394,1356,4):Felucca:Mob(Adam Ant)(0x00013237):Unnamed region[148]:Adam Ant:Looting: Non friend of house lifting item 0x40000119 from 0x40001360.
PlayerMobile:Loc(1396,1356,4):Felucca:Mob(Morgoth)(0x000032A5):Unnamed region[148]:lucanis:Possible accomplice.
PlayerMobile:Loc(1394,1357,0):Felucca:Mob(Lucan)(0x00000002):Unnamed region[2]:lucan:Possible accomplice.
Completed in 0 seconds, 3 entries logged
Log start : 3/23/2016 6:01:03 PM
PlayerMobile:Loc(1394,1356,4):Felucca:Mob(Adam Ant)(0x00013237):Unnamed region[148]:Adam Ant:Looting: Non friend of house lifting item 0x40000065 from 0x40001360.
PlayerMobile:Loc(1396,1356,4):Felucca:Mob(Morgoth)(0x000032A5):Unnamed region[148]:lucanis:Possible accomplice.
PlayerMobile:Loc(1394,1357,0):Felucca:Mob(Lucan)(0x00000002):Unnamed region[2]:lucan:Possible accomplice.
Completed in 0 seconds, 3 entries logged
Log start : 3/23/2016 6:01:07 PM
PlayerMobile:Loc(1394,1356,4):Felucca:Mob(Adam Ant)(0x00013237):Unnamed region[148]:Adam Ant:Looting: Non friend of house lifting item 0x40000117 from 0x40001360.
PlayerMobile:Loc(1396,1356,4):Felucca:Mob(Morgoth)(0x000032A5):Unnamed region[148]:lucanis:Possible accomplice.
PlayerMobile:Loc(1394,1357,0):Felucca:Mob(Lucan)(0x00000002):Unnamed region[2]:lucan:Possible accomplice.
Completed in 0 seconds, 3 entries logged
Log start : 3/23/2016 6:01:09 PM
PlayerMobile:Loc(1394,1356,4):Felucca:Mob(Adam Ant)(0x00013237):Unnamed region[148]:Adam Ant:Looting: Non friend of house lifting item 0x4000011C from 0x40001360.
PlayerMobile:Loc(1396,1356,4):Felucca:Mob(Morgoth)(0x000032A5):Unnamed region[148]:lucanis:Possible accomplice.
PlayerMobile:Loc(1394,1357,0):Felucca:Mob(Lucan)(0x00000002):Unnamed region[2]:lucan:Possible accomplice.
Completed in 0 seconds, 3 entries logged
Log start : 3/23/2016 6:01:11 PM
PlayerMobile:Loc(1394,1356,4):Felucca:Mob(Adam Ant)(0x00013237):Unnamed region[148]:Adam Ant:Looting: Non friend of house lifting item 0x4000011F from 0x40001360.
PlayerMobile:Loc(1396,1356,4):Felucca:Mob(Morgoth)(0x000032A5):Unnamed region[148]:lucanis:Possible accomplice.
PlayerMobile:Loc(1394,1357,0):Felucca:Mob(Lucan)(0x00000002):Unnamed region[2]:lucan:Possible accomplice.
Completed in 0 seconds, 3 entries logged
