3/23/2016 5:13:44 PM: PlayerMobile:Loc(1429,1694,0):Felucca:Mob(Lucan)(0x00000002):Britain[90]:lucan:Current HardwareInfo={null}(hash=null), Previous hash=BEDEA635
3/23/2016 5:14:08 PM: PlayerMobile:Loc(1430,1697,0):Felucca:Mob(Morgoth)(0x000032A5):Britain[90]:lucanis:Current HardwareInfo={null}(hash=null), Previous hash=ED9AEA60
3/23/2016 5:14:37 PM: PlayerMobile:Loc(1425,1698,0):Felucca:Mob(Adam Ant)(0x00013237):Britain[90]:Adam Ant:Current HardwareInfo={null}(hash=null), Previous hash=ED9AEA60
3/23/2016 5:30:13 PM: PlayerMobile:Loc(1391,1361,0):Felucca:Mob(Adam Ant)(0x00013237):Unnamed region[2]:Adam Ant:Current HardwareInfo={null}(hash=null), Previous hash=ED9AEA60
3/23/2016 5:30:34 PM: PlayerMobile:Loc(1394,1357,0):Felucca:Mob(Morgoth)(0x000032A5):Unnamed region[2]:lucanis:Current HardwareInfo={null}(hash=null), Previous hash=ED9AEA60
3/23/2016 5:35:32 PM: PlayerMobile:Loc(1391,1361,0):Felucca:Mob(Adam Ant)(0x00013237):Unnamed region[2]:Adam Ant:Current HardwareInfo={null}(hash=null), Previous hash=ED9AEA60
3/23/2016 5:35:45 PM: PlayerMobile:Loc(1394,1357,0):Felucca:Mob(Morgoth)(0x000032A5):Unnamed region[2]:lucanis:Current HardwareInfo={null}(hash=null), Previous hash=ED9AEA60
3/23/2016 5:36:54 PM: PlayerMobile:Loc(1390,1357,0):Felucca:Mob(Lucan)(0x00000002):Unnamed region[2]:lucan:Current HardwareInfo={null}(hash=null), Previous hash=BEDEA635
3/23/2016 5:38:43 PM: PlayerMobile:Loc(1394,1357,0):Felucca:Mob(Morgoth)(0x000032A5):Unnamed region[2]:lucanis:Current HardwareInfo={null}(hash=null), Previous hash=ED9AEA60
3/23/2016 5:40:53 PM: PlayerMobile:Loc(1391,1361,0):Felucca:Mob(Adam Ant)(0x00013237):Unnamed region[2]:Adam Ant:Current HardwareInfo={null}(hash=null), Previous hash=ED9AEA60
3/23/2016 5:43:15 PM: PlayerMobile:Loc(1391,1361,0):Felucca:Mob(Adam Ant)(0x00013237):Unnamed region[2]:Adam Ant:Current HardwareInfo={null}(hash=null), Previous hash=ED9AEA60
3/23/2016 5:44:03 PM: PlayerMobile:Loc(1390,1357,0):Felucca:Mob(Lucan)(0x00000002):Unnamed region[2]:lucan:Current HardwareInfo={null}(hash=null), Previous hash=BEDEA635
3/23/2016 5:44:55 PM: PlayerMobile:Loc(1394,1357,0):Felucca:Mob(Morgoth)(0x000032A5):Unnamed region[2]:lucanis:Current HardwareInfo={null}(hash=null), Previous hash=ED9AEA60
3/23/2016 5:53:30 PM: PlayerMobile:Loc(1394,1359,0):Felucca:Mob(Adam Ant)(0x00013237):Unnamed region[2]:Adam Ant:Current HardwareInfo={null}(hash=null), Previous hash=ED9AEA60
3/23/2016 6:55:31 PM: PlayerMobile:Loc(1392,1358,0):Felucca:Mob(Adam Ant)(0x00013237):Unnamed region[2]:Adam Ant:Current HardwareInfo={null}(hash=null), Previous hash=0
3/23/2016 6:58:19 PM: PlayerMobile:Loc(1392,1358,0):Felucca:Mob(Adam Ant)(0x00013237):Unnamed region[2]:Adam Ant:Current HardwareInfo={null}(hash=null), Previous hash=0
3/23/2016 6:58:45 PM: PlayerMobile:Loc(1394,1357,0):Felucca:Mob(Lucan)(0x00000002):Unnamed region[2]:topgun:Current HardwareInfo={null}(hash=null), Previous hash=0
3/23/2016 6:59:07 PM: PlayerMobile:Loc(1396,1356,4):Felucca:Mob(Morgoth)(0x000032A5):Unnamed region[148]:lucanis:Current HardwareInfo={null}(hash=null), Previous hash=0
3/23/2016 7:51:54 PM: PlayerMobile:Loc(1396,1357,0):Felucca:Mob(Lucan)(0x00000002):Unnamed region[2]:topgun:Current HardwareInfo={null}(hash=null), Previous hash=0
3/23/2016 7:53:08 PM: PlayerMobile:Loc(1392,1361,0):Felucca:Mob(Morgoth)(0x000032A5):Unnamed region[2]:lucanis:Current HardwareInfo={null}(hash=null), Previous hash=0
3/23/2016 7:53:28 PM: PlayerMobile:Loc(1394,1359,0):Felucca:Mob(Adam Ant)(0x00013237):Unnamed region[2]:Adam Ant:Current HardwareInfo={null}(hash=null), Previous hash=0
3/23/2016 7:57:22 PM: PlayerMobile:Loc(1394,1359,0):Felucca:Mob(Adam Ant)(0x00013237):Unnamed region[2]:Adam Ant:Current HardwareInfo={null}(hash=null), Previous hash=0
3/23/2016 7:57:41 PM: PlayerMobile:Loc(1396,1357,0):Felucca:Mob(Lucan)(0x00000002):Unnamed region[2]:topgun:Current HardwareInfo={null}(hash=null), Previous hash=0
3/23/2016 7:57:59 PM: PlayerMobile:Loc(1392,1361,0):Felucca:Mob(Morgoth)(0x000032A5):Unnamed region[2]:lucanis:Current HardwareInfo={null}(hash=null), Previous hash=0
1/5/2020 10:09:56 AM: PlayerMobile:Loc(1394,1359,0):Felucca:Mob(Adam Ant)(0x00013237):Unnamed region[2]:Adam Ant:Current HardwareInfo={1578247773, 6, 2, 9200, 2, 6, 63, 3093, 4, 2048, 2560, 1600, 32, 9, 0, AMD FirePro W2100, 4098, 26120, 2048, 0, 2, 32, 16, enu, }(hash=1CF500C9), Previous hash=1CF500C9
1/5/2020 10:12:45 AM: PlayerMobile:Loc(1429,1697,0):Felucca:Mob(Adam Ant)(0x00013237):Britain[90]:Adam Ant:Current HardwareInfo={1578247773, 6, 2, 9200, 2, 6, 63, 3093, 4, 2048, 2560, 1600, 32, 9, 0, AMD FirePro W2100, 4098, 26120, 2048, 0, 2, 32, 16, enu, }(hash=1CF500C9), Previous hash=1CF500C9
1/5/2020 10:15:19 AM: PlayerMobile:Loc(1394,1359,0):Felucca:Mob(Adam Ant)(0x00013237):Unnamed region[2]:Adam Ant:Current HardwareInfo={null}(hash=null), Previous hash=BEDEA635
1/5/2020 10:43:25 AM: PlayerMobile:Loc(1394,1359,0):Felucca:Mob(Adam Ant)(0x00013237):Unnamed region[2]:Adam Ant:Current HardwareInfo={null}(hash=null), Previous hash=BEDEA635
1/5/2020 1:58:59 PM: PlayerMobile:Loc(1394,1359,0):Felucca:Mob(Adam Ant)(0x00013237):Unnamed region[2]:Adam Ant:Current HardwareInfo={1578247773, 6, 2, 9200, 2, 6, 63, 3093, 4, 2048, 2560, 1600, 32, 9, 0, AMD FirePro W2100, 4098, 26120, 2048, 0, 2, 32, 16, enu, }(hash=1CF500C9), Previous hash=1CF500C9
1/5/2020 2:03:17 PM: PlayerMobile:Loc(1394,1361,0):Felucca:Mob(Adam Ant)(0x00013237):Unnamed region[2]:Adam Ant:Current HardwareInfo={null}(hash=null), Previous hash=1CF500C9
