# Bad spawns : 3/23/2016 6:55:07 PM
# Format: X Y Z F Name

1414	1594	30	Felucca	Naturalist
5240	174	15	Felucca	Naturalist
1495	1721	7	Felucca	Naturalist
1574	1697	35	Felucca	Naturalist
1393	3769	0	Felucca	Naturalist
5790	1983	2	Felucca	BlackAmbitiousSolenQueen
5776	1898	22	Felucca	BlackSolenMatriarch
851	801	-60	Ilshenar	PowerGenerator
806	801	-60	Ilshenar	PowerGenerator
851	756	-60	Ilshenar	PowerGenerator
806	756	-60	Ilshenar	PowerGenerator
1426	1697	0	Felucca	militiaguard
1397	1361	0	Felucca	militiaguard


# Bad spawns : 3/23/2016 7:51:44 PM
# Format: X Y Z F Name

1414	1594	30	Felucca	Naturalist
5240	174	15	Felucca	Naturalist
1495	1721	7	Felucca	Naturalist
1574	1697	35	Felucca	Naturalist
1393	3769	0	Felucca	Naturalist
5790	1983	2	Felucca	BlackAmbitiousSolenQueen
5776	1898	22	Felucca	BlackSolenMatriarch
851	801	-60	Ilshenar	PowerGenerator
806	801	-60	Ilshenar	PowerGenerator
851	756	-60	Ilshenar	PowerGenerator
806	756	-60	Ilshenar	PowerGenerator
1426	1697	0	Felucca	militiaguard


# Bad spawns : 3/23/2016 7:57:09 PM
# Format: X Y Z F Name

1414	1594	30	Felucca	Naturalist
5240	174	15	Felucca	Naturalist
1495	1721	7	Felucca	Naturalist
1574	1697	35	Felucca	Naturalist
1393	3769	0	Felucca	Naturalist
5790	1983	2	Felucca	BlackAmbitiousSolenQueen
5776	1898	22	Felucca	BlackSolenMatriarch
851	801	-60	Ilshenar	PowerGenerator
806	801	-60	Ilshenar	PowerGenerator
851	756	-60	Ilshenar	PowerGenerator
806	756	-60	Ilshenar	PowerGenerator
1426	1697	0	Felucca	militiaguard


# Bad spawns : 1/5/2020 10:02:51 AM
# Format: X Y Z F Name

1414	1594	30	Felucca	Naturalist
5240	174	15	Felucca	Naturalist
1495	1721	7	Felucca	Naturalist
1574	1697	35	Felucca	Naturalist
1393	3769	0	Felucca	Naturalist
5790	1983	2	Felucca	BlackAmbitiousSolenQueen
5776	1898	22	Felucca	BlackSolenMatriarch
851	801	-60	Ilshenar	PowerGenerator
806	801	-60	Ilshenar	PowerGenerator
851	756	-60	Ilshenar	PowerGenerator
806	756	-60	Ilshenar	PowerGenerator
1426	1697	0	Felucca	militiaguard


# Bad spawns : 1/5/2020 10:14:19 AM
# Format: X Y Z F Name

1414	1594	30	Felucca	Naturalist
5240	174	15	Felucca	Naturalist
1495	1721	7	Felucca	Naturalist
1574	1697	35	Felucca	Naturalist
1393	3769	0	Felucca	Naturalist
5790	1983	2	Felucca	BlackAmbitiousSolenQueen
5776	1898	22	Felucca	BlackSolenMatriarch
851	801	-60	Ilshenar	PowerGenerator
806	801	-60	Ilshenar	PowerGenerator
851	756	-60	Ilshenar	PowerGenerator
806	756	-60	Ilshenar	PowerGenerator
1426	1697	0	Felucca	militiaguard


# Bad spawns : 1/5/2020 10:42:51 AM
# Format: X Y Z F Name

1414	1594	30	Felucca	Naturalist
5240	174	15	Felucca	Naturalist
1495	1721	7	Felucca	Naturalist
1574	1697	35	Felucca	Naturalist
1393	3769	0	Felucca	Naturalist
5790	1983	2	Felucca	BlackAmbitiousSolenQueen
5776	1898	22	Felucca	BlackSolenMatriarch
851	801	-60	Ilshenar	PowerGenerator
806	801	-60	Ilshenar	PowerGenerator
851	756	-60	Ilshenar	PowerGenerator
806	756	-60	Ilshenar	PowerGenerator
1426	1697	0	Felucca	militiaguard


# Bad spawns : 1/5/2020 1:58:01 PM
# Format: X Y Z F Name

1414	1594	30	Felucca	Naturalist
5240	174	15	Felucca	Naturalist
1495	1721	7	Felucca	Naturalist
1574	1697	35	Felucca	Naturalist
1393	3769	0	Felucca	Naturalist
5790	1983	2	Felucca	BlackAmbitiousSolenQueen
5776	1898	22	Felucca	BlackSolenMatriarch
851	801	-60	Ilshenar	PowerGenerator
806	801	-60	Ilshenar	PowerGenerator
851	756	-60	Ilshenar	PowerGenerator
806	756	-60	Ilshenar	PowerGenerator
1426	1697	0	Felucca	militiaguard


# Bad spawns : 1/5/2020 2:03:10 PM
# Format: X Y Z F Name

1414	1594	30	Felucca	Naturalist
5240	174	15	Felucca	Naturalist
1495	1721	7	Felucca	Naturalist
1574	1697	35	Felucca	Naturalist
1393	3769	0	Felucca	Naturalist
5790	1983	2	Felucca	BlackAmbitiousSolenQueen
5776	1898	22	Felucca	BlackSolenMatriarch
851	801	-60	Ilshenar	PowerGenerator
806	801	-60	Ilshenar	PowerGenerator
851	756	-60	Ilshenar	PowerGenerator
806	756	-60	Ilshenar	PowerGenerator
1426	1697	0	Felucca	militiaguard


